[20-Aug-2024 15:29:13 UTC] PHP Deprecated:  Creation of dynamic property ACF::$fields is deprecated in /var/www/html/wp-content/plugins/advanced-custom-fields-pro/includes/fields.php on line 136
[20-Aug-2024 15:29:13 UTC] PHP Deprecated:  Creation of dynamic property ACF::$locations is deprecated in /var/www/html/wp-content/plugins/advanced-custom-fields-pro/includes/locations.php on line 130
[20-Aug-2024 15:29:13 UTC] PHP Deprecated:  Creation of dynamic property ACF::$json is deprecated in /var/www/html/wp-content/plugins/advanced-custom-fields-pro/includes/json.php on line 184
[20-Aug-2024 15:29:13 UTC] PHP Deprecated:  Creation of dynamic property acf_loop::$loops is deprecated in /var/www/html/wp-content/plugins/advanced-custom-fields-pro/includes/loop.php on line 26
[20-Aug-2024 15:29:13 UTC] PHP Deprecated:  Creation of dynamic property ACF::$loop is deprecated in /var/www/html/wp-content/plugins/advanced-custom-fields-pro/includes/loop.php on line 270
[20-Aug-2024 15:29:13 UTC] PHP Deprecated:  Creation of dynamic property ACF::$revisions is deprecated in /var/www/html/wp-content/plugins/advanced-custom-fields-pro/includes/revisions.php on line 413
[20-Aug-2024 15:29:13 UTC] PHP Deprecated:  Creation of dynamic property acf_validation::$errors is deprecated in /var/www/html/wp-content/plugins/advanced-custom-fields-pro/includes/validation.php on line 26
[20-Aug-2024 15:29:13 UTC] PHP Deprecated:  Creation of dynamic property ACF::$validation is deprecated in /var/www/html/wp-content/plugins/advanced-custom-fields-pro/includes/validation.php on line 212
[20-Aug-2024 15:29:13 UTC] PHP Deprecated:  Creation of dynamic property acf_form_customizer::$preview_values is deprecated in /var/www/html/wp-content/plugins/advanced-custom-fields-pro/includes/forms/form-customizer.php on line 26
[20-Aug-2024 15:29:13 UTC] PHP Deprecated:  Creation of dynamic property acf_form_customizer::$preview_fields is deprecated in /var/www/html/wp-content/plugins/advanced-custom-fields-pro/includes/forms/form-customizer.php on line 27
[20-Aug-2024 15:29:13 UTC] PHP Deprecated:  Creation of dynamic property acf_form_customizer::$preview_errors is deprecated in /var/www/html/wp-content/plugins/advanced-custom-fields-pro/includes/forms/form-customizer.php on line 28
[20-Aug-2024 15:29:13 UTC] PHP Deprecated:  Creation of dynamic property ACF::$form_front is deprecated in /var/www/html/wp-content/plugins/advanced-custom-fields-pro/includes/forms/form-front.php on line 603
[20-Aug-2024 15:29:13 UTC] PHP Deprecated:  Creation of dynamic property acf_form_widget::$preview_values is deprecated in /var/www/html/wp-content/plugins/advanced-custom-fields-pro/includes/forms/form-widget.php on line 34
[20-Aug-2024 15:29:13 UTC] PHP Deprecated:  Creation of dynamic property acf_form_widget::$preview_reference is deprecated in /var/www/html/wp-content/plugins/advanced-custom-fields-pro/includes/forms/form-widget.php on line 35
[20-Aug-2024 15:29:13 UTC] PHP Deprecated:  Creation of dynamic property acf_form_widget::$preview_errors is deprecated in /var/www/html/wp-content/plugins/advanced-custom-fields-pro/includes/forms/form-widget.php on line 36
[20-Aug-2024 15:29:14 UTC] PHP Deprecated:  Creation of dynamic property ftp::$features is deprecated in /var/www/html/wp-admin/includes/class-ftp.php on line 151
[20-Aug-2024 15:29:15 UTC] PHP Warning:  require_once(/var/www/html/wp-content/themes/sirenova/inc/woocomerce/sirenova-add-to-cart-ajax.php): Failed to open stream: No such file or directory in /var/www/html/wp-content/themes/sirenova/functions.php on line 37
[20-Aug-2024 15:29:15 UTC] PHP Fatal error:  Uncaught Error: Failed opening required '/var/www/html/wp-content/themes/sirenova/inc/woocomerce/sirenova-add-to-cart-ajax.php' (include_path='.:/usr/local/lib/php') in /var/www/html/wp-content/themes/sirenova/functions.php:37
Stack trace:
#0 /var/www/html/wp-settings.php(668): include()
#1 /var/www/html/wp-config.php(135): require_once('/var/www/html/w...')
#2 /var/www/html/wp-load.php(50): require_once('/var/www/html/w...')
#3 /var/www/html/wp-blog-header.php(13): require_once('/var/www/html/w...')
#4 /var/www/html/index.php(17): require('/var/www/html/w...')
#5 {main}
  thrown in /var/www/html/wp-content/themes/sirenova/functions.php on line 37
[20-Aug-2024 15:29:16 UTC] PHP Deprecated:  Creation of dynamic property ACF::$fields is deprecated in /var/www/html/wp-content/plugins/advanced-custom-fields-pro/includes/fields.php on line 136
[20-Aug-2024 15:29:16 UTC] PHP Deprecated:  Creation of dynamic property ACF::$locations is deprecated in /var/www/html/wp-content/plugins/advanced-custom-fields-pro/includes/locations.php on line 130
[20-Aug-2024 15:29:16 UTC] PHP Deprecated:  Creation of dynamic property ACF::$json is deprecated in /var/www/html/wp-content/plugins/advanced-custom-fields-pro/includes/json.php on line 184
[20-Aug-2024 15:29:16 UTC] PHP Deprecated:  Creation of dynamic property acf_loop::$loops is deprecated in /var/www/html/wp-content/plugins/advanced-custom-fields-pro/includes/loop.php on line 26
[20-Aug-2024 15:29:16 UTC] PHP Deprecated:  Creation of dynamic property ACF::$loop is deprecated in /var/www/html/wp-content/plugins/advanced-custom-fields-pro/includes/loop.php on line 270
[20-Aug-2024 15:29:16 UTC] PHP Deprecated:  Creation of dynamic property ACF::$revisions is deprecated in /var/www/html/wp-content/plugins/advanced-custom-fields-pro/includes/revisions.php on line 413
[20-Aug-2024 15:29:16 UTC] PHP Deprecated:  Creation of dynamic property acf_validation::$errors is deprecated in /var/www/html/wp-content/plugins/advanced-custom-fields-pro/includes/validation.php on line 26
[20-Aug-2024 15:29:16 UTC] PHP Deprecated:  Creation of dynamic property ACF::$validation is deprecated in /var/www/html/wp-content/plugins/advanced-custom-fields-pro/includes/validation.php on line 212
[20-Aug-2024 15:29:16 UTC] PHP Deprecated:  Creation of dynamic property acf_form_customizer::$preview_values is deprecated in /var/www/html/wp-content/plugins/advanced-custom-fields-pro/includes/forms/form-customizer.php on line 26
[20-Aug-2024 15:29:16 UTC] PHP Deprecated:  Creation of dynamic property acf_form_customizer::$preview_fields is deprecated in /var/www/html/wp-content/plugins/advanced-custom-fields-pro/includes/forms/form-customizer.php on line 27
[20-Aug-2024 15:29:16 UTC] PHP Deprecated:  Creation of dynamic property acf_form_customizer::$preview_errors is deprecated in /var/www/html/wp-content/plugins/advanced-custom-fields-pro/includes/forms/form-customizer.php on line 28
[20-Aug-2024 15:29:16 UTC] PHP Deprecated:  Creation of dynamic property ACF::$form_front is deprecated in /var/www/html/wp-content/plugins/advanced-custom-fields-pro/includes/forms/form-front.php on line 603
[20-Aug-2024 15:29:16 UTC] PHP Deprecated:  Creation of dynamic property acf_form_widget::$preview_values is deprecated in /var/www/html/wp-content/plugins/advanced-custom-fields-pro/includes/forms/form-widget.php on line 34
[20-Aug-2024 15:29:16 UTC] PHP Deprecated:  Creation of dynamic property acf_form_widget::$preview_reference is deprecated in /var/www/html/wp-content/plugins/advanced-custom-fields-pro/includes/forms/form-widget.php on line 35
[20-Aug-2024 15:29:16 UTC] PHP Deprecated:  Creation of dynamic property acf_form_widget::$preview_errors is deprecated in /var/www/html/wp-content/plugins/advanced-custom-fields-pro/includes/forms/form-widget.php on line 36
[20-Aug-2024 15:29:18 UTC] PHP Deprecated:  Creation of dynamic property ftp::$features is deprecated in /var/www/html/wp-admin/includes/class-ftp.php on line 151
[20-Aug-2024 15:29:19 UTC] PHP Warning:  require_once(/var/www/html/wp-content/themes/sirenova/inc/woocomerce/sirenova-add-to-cart-ajax.php): Failed to open stream: No such file or directory in /var/www/html/wp-content/themes/sirenova/functions.php on line 37
[20-Aug-2024 15:29:19 UTC] PHP Fatal error:  Uncaught Error: Failed opening required '/var/www/html/wp-content/themes/sirenova/inc/woocomerce/sirenova-add-to-cart-ajax.php' (include_path='.:/usr/local/lib/php') in /var/www/html/wp-content/themes/sirenova/functions.php:37
Stack trace:
#0 /var/www/html/wp-settings.php(668): include()
#1 /var/www/html/wp-config.php(135): require_once('/var/www/html/w...')
#2 /var/www/html/wp-load.php(50): require_once('/var/www/html/w...')
#3 /var/www/html/wp-blog-header.php(13): require_once('/var/www/html/w...')
#4 /var/www/html/index.php(17): require('/var/www/html/w...')
#5 {main}
  thrown in /var/www/html/wp-content/themes/sirenova/functions.php on line 37
[20-Aug-2024 15:29:31 UTC] PHP Deprecated:  Creation of dynamic property ACF::$fields is deprecated in /var/www/html/wp-content/plugins/advanced-custom-fields-pro/includes/fields.php on line 136
[20-Aug-2024 15:29:31 UTC] PHP Deprecated:  Creation of dynamic property ACF::$locations is deprecated in /var/www/html/wp-content/plugins/advanced-custom-fields-pro/includes/locations.php on line 130
[20-Aug-2024 15:29:31 UTC] PHP Deprecated:  Creation of dynamic property ACF::$json is deprecated in /var/www/html/wp-content/plugins/advanced-custom-fields-pro/includes/json.php on line 184
[20-Aug-2024 15:29:31 UTC] PHP Deprecated:  Creation of dynamic property acf_loop::$loops is deprecated in /var/www/html/wp-content/plugins/advanced-custom-fields-pro/includes/loop.php on line 26
[20-Aug-2024 15:29:31 UTC] PHP Deprecated:  Creation of dynamic property ACF::$loop is deprecated in /var/www/html/wp-content/plugins/advanced-custom-fields-pro/includes/loop.php on line 270
[20-Aug-2024 15:29:31 UTC] PHP Deprecated:  Creation of dynamic property ACF::$revisions is deprecated in /var/www/html/wp-content/plugins/advanced-custom-fields-pro/includes/revisions.php on line 413
[20-Aug-2024 15:29:31 UTC] PHP Deprecated:  Creation of dynamic property acf_validation::$errors is deprecated in /var/www/html/wp-content/plugins/advanced-custom-fields-pro/includes/validation.php on line 26
[20-Aug-2024 15:29:31 UTC] PHP Deprecated:  Creation of dynamic property ACF::$validation is deprecated in /var/www/html/wp-content/plugins/advanced-custom-fields-pro/includes/validation.php on line 212
[20-Aug-2024 15:29:31 UTC] PHP Deprecated:  Creation of dynamic property acf_form_customizer::$preview_values is deprecated in /var/www/html/wp-content/plugins/advanced-custom-fields-pro/includes/forms/form-customizer.php on line 26
[20-Aug-2024 15:29:31 UTC] PHP Deprecated:  Creation of dynamic property acf_form_customizer::$preview_fields is deprecated in /var/www/html/wp-content/plugins/advanced-custom-fields-pro/includes/forms/form-customizer.php on line 27
[20-Aug-2024 15:29:31 UTC] PHP Deprecated:  Creation of dynamic property acf_form_customizer::$preview_errors is deprecated in /var/www/html/wp-content/plugins/advanced-custom-fields-pro/includes/forms/form-customizer.php on line 28
[20-Aug-2024 15:29:31 UTC] PHP Deprecated:  Creation of dynamic property ACF::$form_front is deprecated in /var/www/html/wp-content/plugins/advanced-custom-fields-pro/includes/forms/form-front.php on line 603
[20-Aug-2024 15:29:31 UTC] PHP Deprecated:  Creation of dynamic property acf_form_widget::$preview_values is deprecated in /var/www/html/wp-content/plugins/advanced-custom-fields-pro/includes/forms/form-widget.php on line 34
[20-Aug-2024 15:29:31 UTC] PHP Deprecated:  Creation of dynamic property acf_form_widget::$preview_reference is deprecated in /var/www/html/wp-content/plugins/advanced-custom-fields-pro/includes/forms/form-widget.php on line 35
[20-Aug-2024 15:29:31 UTC] PHP Deprecated:  Creation of dynamic property acf_form_widget::$preview_errors is deprecated in /var/www/html/wp-content/plugins/advanced-custom-fields-pro/includes/forms/form-widget.php on line 36
[20-Aug-2024 15:29:31 UTC] PHP Deprecated:  Creation of dynamic property ACF::$admin_tools is deprecated in /var/www/html/wp-content/plugins/advanced-custom-fields-pro/includes/admin/admin-tools.php on line 289
[20-Aug-2024 15:29:33 UTC] PHP Deprecated:  Creation of dynamic property ftp::$features is deprecated in /var/www/html/wp-admin/includes/class-ftp.php on line 151
[20-Aug-2024 15:29:34 UTC] PHP Warning:  require_once(/var/www/html/wp-content/themes/sirenova/inc/woocomerce/sirenova-add-to-cart-ajax.php): Failed to open stream: No such file or directory in /var/www/html/wp-content/themes/sirenova/functions.php on line 37
[20-Aug-2024 15:29:34 UTC] PHP Fatal error:  Uncaught Error: Failed opening required '/var/www/html/wp-content/themes/sirenova/inc/woocomerce/sirenova-add-to-cart-ajax.php' (include_path='.:/usr/local/lib/php') in /var/www/html/wp-content/themes/sirenova/functions.php:37
Stack trace:
#0 /var/www/html/wp-settings.php(668): include()
#1 /var/www/html/wp-config.php(135): require_once('/var/www/html/w...')
#2 /var/www/html/wp-load.php(50): require_once('/var/www/html/w...')
#3 /var/www/html/wp-admin/admin-ajax.php(22): require_once('/var/www/html/w...')
#4 {main}
  thrown in /var/www/html/wp-content/themes/sirenova/functions.php on line 37
[20-Aug-2024 15:29:58 UTC] PHP Deprecated:  Creation of dynamic property ACF::$fields is deprecated in /var/www/html/wp-content/plugins/advanced-custom-fields-pro/includes/fields.php on line 136
[20-Aug-2024 15:29:58 UTC] PHP Deprecated:  Creation of dynamic property ACF::$locations is deprecated in /var/www/html/wp-content/plugins/advanced-custom-fields-pro/includes/locations.php on line 130
[20-Aug-2024 15:29:58 UTC] PHP Deprecated:  Creation of dynamic property ACF::$json is deprecated in /var/www/html/wp-content/plugins/advanced-custom-fields-pro/includes/json.php on line 184
[20-Aug-2024 15:29:58 UTC] PHP Deprecated:  Creation of dynamic property acf_loop::$loops is deprecated in /var/www/html/wp-content/plugins/advanced-custom-fields-pro/includes/loop.php on line 26
[20-Aug-2024 15:29:58 UTC] PHP Deprecated:  Creation of dynamic property ACF::$loop is deprecated in /var/www/html/wp-content/plugins/advanced-custom-fields-pro/includes/loop.php on line 270
[20-Aug-2024 15:29:58 UTC] PHP Deprecated:  Creation of dynamic property ACF::$revisions is deprecated in /var/www/html/wp-content/plugins/advanced-custom-fields-pro/includes/revisions.php on line 413
[20-Aug-2024 15:29:58 UTC] PHP Deprecated:  Creation of dynamic property acf_validation::$errors is deprecated in /var/www/html/wp-content/plugins/advanced-custom-fields-pro/includes/validation.php on line 26
[20-Aug-2024 15:29:58 UTC] PHP Deprecated:  Creation of dynamic property ACF::$validation is deprecated in /var/www/html/wp-content/plugins/advanced-custom-fields-pro/includes/validation.php on line 212
[20-Aug-2024 15:29:58 UTC] PHP Deprecated:  Creation of dynamic property acf_form_customizer::$preview_values is deprecated in /var/www/html/wp-content/plugins/advanced-custom-fields-pro/includes/forms/form-customizer.php on line 26
[20-Aug-2024 15:29:58 UTC] PHP Deprecated:  Creation of dynamic property acf_form_customizer::$preview_fields is deprecated in /var/www/html/wp-content/plugins/advanced-custom-fields-pro/includes/forms/form-customizer.php on line 27
[20-Aug-2024 15:29:58 UTC] PHP Deprecated:  Creation of dynamic property acf_form_customizer::$preview_errors is deprecated in /var/www/html/wp-content/plugins/advanced-custom-fields-pro/includes/forms/form-customizer.php on line 28
[20-Aug-2024 15:29:58 UTC] PHP Deprecated:  Creation of dynamic property ACF::$form_front is deprecated in /var/www/html/wp-content/plugins/advanced-custom-fields-pro/includes/forms/form-front.php on line 603
[20-Aug-2024 15:29:58 UTC] PHP Deprecated:  Creation of dynamic property acf_form_widget::$preview_values is deprecated in /var/www/html/wp-content/plugins/advanced-custom-fields-pro/includes/forms/form-widget.php on line 34
[20-Aug-2024 15:29:58 UTC] PHP Deprecated:  Creation of dynamic property acf_form_widget::$preview_reference is deprecated in /var/www/html/wp-content/plugins/advanced-custom-fields-pro/includes/forms/form-widget.php on line 35
[20-Aug-2024 15:29:58 UTC] PHP Deprecated:  Creation of dynamic property acf_form_widget::$preview_errors is deprecated in /var/www/html/wp-content/plugins/advanced-custom-fields-pro/includes/forms/form-widget.php on line 36
[20-Aug-2024 15:29:59 UTC] PHP Deprecated:  Creation of dynamic property ftp::$features is deprecated in /var/www/html/wp-admin/includes/class-ftp.php on line 151
[20-Aug-2024 15:30:00 UTC] PHP Warning:  require_once(/var/www/html/wp-content/themes/sirenova/inc/woocomerce/sirenova-add-to-cart-ajax.php): Failed to open stream: No such file or directory in /var/www/html/wp-content/themes/sirenova/functions.php on line 37
[20-Aug-2024 15:30:00 UTC] PHP Fatal error:  Uncaught Error: Failed opening required '/var/www/html/wp-content/themes/sirenova/inc/woocomerce/sirenova-add-to-cart-ajax.php' (include_path='.:/usr/local/lib/php') in /var/www/html/wp-content/themes/sirenova/functions.php:37
Stack trace:
#0 /var/www/html/wp-settings.php(668): include()
#1 /var/www/html/wp-config.php(135): require_once('/var/www/html/w...')
#2 /var/www/html/wp-load.php(50): require_once('/var/www/html/w...')
#3 /var/www/html/wp-blog-header.php(13): require_once('/var/www/html/w...')
#4 /var/www/html/index.php(17): require('/var/www/html/w...')
#5 {main}
  thrown in /var/www/html/wp-content/themes/sirenova/functions.php on line 37
[20-Aug-2024 15:30:01 UTC] PHP Deprecated:  Creation of dynamic property ACF::$fields is deprecated in /var/www/html/wp-content/plugins/advanced-custom-fields-pro/includes/fields.php on line 136
[20-Aug-2024 15:30:01 UTC] PHP Deprecated:  Creation of dynamic property ACF::$locations is deprecated in /var/www/html/wp-content/plugins/advanced-custom-fields-pro/includes/locations.php on line 130
[20-Aug-2024 15:30:01 UTC] PHP Deprecated:  Creation of dynamic property ACF::$json is deprecated in /var/www/html/wp-content/plugins/advanced-custom-fields-pro/includes/json.php on line 184
[20-Aug-2024 15:30:01 UTC] PHP Deprecated:  Creation of dynamic property acf_loop::$loops is deprecated in /var/www/html/wp-content/plugins/advanced-custom-fields-pro/includes/loop.php on line 26
[20-Aug-2024 15:30:01 UTC] PHP Deprecated:  Creation of dynamic property ACF::$loop is deprecated in /var/www/html/wp-content/plugins/advanced-custom-fields-pro/includes/loop.php on line 270
[20-Aug-2024 15:30:01 UTC] PHP Deprecated:  Creation of dynamic property ACF::$revisions is deprecated in /var/www/html/wp-content/plugins/advanced-custom-fields-pro/includes/revisions.php on line 413
[20-Aug-2024 15:30:01 UTC] PHP Deprecated:  Creation of dynamic property acf_validation::$errors is deprecated in /var/www/html/wp-content/plugins/advanced-custom-fields-pro/includes/validation.php on line 26
[20-Aug-2024 15:30:01 UTC] PHP Deprecated:  Creation of dynamic property ACF::$validation is deprecated in /var/www/html/wp-content/plugins/advanced-custom-fields-pro/includes/validation.php on line 212
[20-Aug-2024 15:30:01 UTC] PHP Deprecated:  Creation of dynamic property acf_form_customizer::$preview_values is deprecated in /var/www/html/wp-content/plugins/advanced-custom-fields-pro/includes/forms/form-customizer.php on line 26
[20-Aug-2024 15:30:01 UTC] PHP Deprecated:  Creation of dynamic property acf_form_customizer::$preview_fields is deprecated in /var/www/html/wp-content/plugins/advanced-custom-fields-pro/includes/forms/form-customizer.php on line 27
[20-Aug-2024 15:30:01 UTC] PHP Deprecated:  Creation of dynamic property acf_form_customizer::$preview_errors is deprecated in /var/www/html/wp-content/plugins/advanced-custom-fields-pro/includes/forms/form-customizer.php on line 28
[20-Aug-2024 15:30:01 UTC] PHP Deprecated:  Creation of dynamic property ACF::$form_front is deprecated in /var/www/html/wp-content/plugins/advanced-custom-fields-pro/includes/forms/form-front.php on line 603
[20-Aug-2024 15:30:01 UTC] PHP Deprecated:  Creation of dynamic property acf_form_widget::$preview_values is deprecated in /var/www/html/wp-content/plugins/advanced-custom-fields-pro/includes/forms/form-widget.php on line 34
[20-Aug-2024 15:30:01 UTC] PHP Deprecated:  Creation of dynamic property acf_form_widget::$preview_reference is deprecated in /var/www/html/wp-content/plugins/advanced-custom-fields-pro/includes/forms/form-widget.php on line 35
[20-Aug-2024 15:30:01 UTC] PHP Deprecated:  Creation of dynamic property acf_form_widget::$preview_errors is deprecated in /var/www/html/wp-content/plugins/advanced-custom-fields-pro/includes/forms/form-widget.php on line 36
[20-Aug-2024 15:30:02 UTC] PHP Deprecated:  Creation of dynamic property ftp::$features is deprecated in /var/www/html/wp-admin/includes/class-ftp.php on line 151
[20-Aug-2024 15:30:03 UTC] PHP Warning:  require_once(/var/www/html/wp-content/themes/sirenova/inc/woocomerce/sirenova-add-to-cart-ajax.php): Failed to open stream: No such file or directory in /var/www/html/wp-content/themes/sirenova/functions.php on line 37
[20-Aug-2024 15:30:03 UTC] PHP Fatal error:  Uncaught Error: Failed opening required '/var/www/html/wp-content/themes/sirenova/inc/woocomerce/sirenova-add-to-cart-ajax.php' (include_path='.:/usr/local/lib/php') in /var/www/html/wp-content/themes/sirenova/functions.php:37
Stack trace:
#0 /var/www/html/wp-settings.php(668): include()
#1 /var/www/html/wp-config.php(135): require_once('/var/www/html/w...')
#2 /var/www/html/wp-load.php(50): require_once('/var/www/html/w...')
#3 /var/www/html/wp-blog-header.php(13): require_once('/var/www/html/w...')
#4 /var/www/html/index.php(17): require('/var/www/html/w...')
#5 {main}
  thrown in /var/www/html/wp-content/themes/sirenova/functions.php on line 37
[20-Aug-2024 15:30:37 UTC] PHP Deprecated:  Creation of dynamic property ACF::$fields is deprecated in /var/www/html/wp-content/plugins/advanced-custom-fields-pro/includes/fields.php on line 136
[20-Aug-2024 15:30:37 UTC] PHP Deprecated:  Creation of dynamic property ACF::$locations is deprecated in /var/www/html/wp-content/plugins/advanced-custom-fields-pro/includes/locations.php on line 130
[20-Aug-2024 15:30:37 UTC] PHP Deprecated:  Creation of dynamic property ACF::$json is deprecated in /var/www/html/wp-content/plugins/advanced-custom-fields-pro/includes/json.php on line 184
[20-Aug-2024 15:30:37 UTC] PHP Deprecated:  Creation of dynamic property acf_loop::$loops is deprecated in /var/www/html/wp-content/plugins/advanced-custom-fields-pro/includes/loop.php on line 26
[20-Aug-2024 15:30:37 UTC] PHP Deprecated:  Creation of dynamic property ACF::$loop is deprecated in /var/www/html/wp-content/plugins/advanced-custom-fields-pro/includes/loop.php on line 270
[20-Aug-2024 15:30:37 UTC] PHP Deprecated:  Creation of dynamic property ACF::$revisions is deprecated in /var/www/html/wp-content/plugins/advanced-custom-fields-pro/includes/revisions.php on line 413
[20-Aug-2024 15:30:37 UTC] PHP Deprecated:  Creation of dynamic property acf_validation::$errors is deprecated in /var/www/html/wp-content/plugins/advanced-custom-fields-pro/includes/validation.php on line 26
[20-Aug-2024 15:30:37 UTC] PHP Deprecated:  Creation of dynamic property ACF::$validation is deprecated in /var/www/html/wp-content/plugins/advanced-custom-fields-pro/includes/validation.php on line 212
[20-Aug-2024 15:30:37 UTC] PHP Deprecated:  Creation of dynamic property acf_form_customizer::$preview_values is deprecated in /var/www/html/wp-content/plugins/advanced-custom-fields-pro/includes/forms/form-customizer.php on line 26
[20-Aug-2024 15:30:37 UTC] PHP Deprecated:  Creation of dynamic property acf_form_customizer::$preview_fields is deprecated in /var/www/html/wp-content/plugins/advanced-custom-fields-pro/includes/forms/form-customizer.php on line 27
[20-Aug-2024 15:30:37 UTC] PHP Deprecated:  Creation of dynamic property acf_form_customizer::$preview_errors is deprecated in /var/www/html/wp-content/plugins/advanced-custom-fields-pro/includes/forms/form-customizer.php on line 28
[20-Aug-2024 15:30:37 UTC] PHP Deprecated:  Creation of dynamic property ACF::$form_front is deprecated in /var/www/html/wp-content/plugins/advanced-custom-fields-pro/includes/forms/form-front.php on line 603
[20-Aug-2024 15:30:37 UTC] PHP Deprecated:  Creation of dynamic property acf_form_widget::$preview_values is deprecated in /var/www/html/wp-content/plugins/advanced-custom-fields-pro/includes/forms/form-widget.php on line 34
[20-Aug-2024 15:30:37 UTC] PHP Deprecated:  Creation of dynamic property acf_form_widget::$preview_reference is deprecated in /var/www/html/wp-content/plugins/advanced-custom-fields-pro/includes/forms/form-widget.php on line 35
[20-Aug-2024 15:30:37 UTC] PHP Deprecated:  Creation of dynamic property acf_form_widget::$preview_errors is deprecated in /var/www/html/wp-content/plugins/advanced-custom-fields-pro/includes/forms/form-widget.php on line 36
[20-Aug-2024 15:30:38 UTC] PHP Deprecated:  Creation of dynamic property ftp::$features is deprecated in /var/www/html/wp-admin/includes/class-ftp.php on line 151
[20-Aug-2024 15:30:40 UTC] PHP Deprecated:  Creation of dynamic property acf_field_oembed::$width is deprecated in /var/www/html/wp-content/plugins/advanced-custom-fields-pro/includes/fields/class-acf-field-oembed.php on line 31
[20-Aug-2024 15:30:40 UTC] PHP Deprecated:  Creation of dynamic property acf_field_oembed::$height is deprecated in /var/www/html/wp-content/plugins/advanced-custom-fields-pro/includes/fields/class-acf-field-oembed.php on line 32
[20-Aug-2024 15:30:40 UTC] PHP Deprecated:  Creation of dynamic property acf_field_google_map::$default_values is deprecated in /var/www/html/wp-content/plugins/advanced-custom-fields-pro/includes/fields/class-acf-field-google-map.php on line 33
[20-Aug-2024 15:30:40 UTC] PHP Deprecated:  Creation of dynamic property acf_field__group::$have_rows is deprecated in /var/www/html/wp-content/plugins/advanced-custom-fields-pro/includes/fields/class-acf-field-group.php on line 31
[20-Aug-2024 15:30:40 UTC] PHP Deprecated:  Creation of dynamic property acf_field_clone::$cloning is deprecated in /var/www/html/wp-content/plugins/advanced-custom-fields-pro/pro/fields/class-acf-field-clone.php on line 34
[20-Aug-2024 15:30:40 UTC] PHP Deprecated:  Creation of dynamic property acf_field_clone::$have_rows is deprecated in /var/www/html/wp-content/plugins/advanced-custom-fields-pro/pro/fields/class-acf-field-clone.php on line 35
[20-Aug-2024 15:30:44 UTC] PHP Deprecated:  Creation of dynamic property ACF::$fields is deprecated in /var/www/html/wp-content/plugins/advanced-custom-fields-pro/includes/fields.php on line 136
[20-Aug-2024 15:30:44 UTC] PHP Deprecated:  Creation of dynamic property ACF::$locations is deprecated in /var/www/html/wp-content/plugins/advanced-custom-fields-pro/includes/locations.php on line 130
[20-Aug-2024 15:30:44 UTC] PHP Deprecated:  Creation of dynamic property ACF::$json is deprecated in /var/www/html/wp-content/plugins/advanced-custom-fields-pro/includes/json.php on line 184
[20-Aug-2024 15:30:44 UTC] PHP Deprecated:  Creation of dynamic property acf_loop::$loops is deprecated in /var/www/html/wp-content/plugins/advanced-custom-fields-pro/includes/loop.php on line 26
[20-Aug-2024 15:30:44 UTC] PHP Deprecated:  Creation of dynamic property ACF::$loop is deprecated in /var/www/html/wp-content/plugins/advanced-custom-fields-pro/includes/loop.php on line 270
[20-Aug-2024 15:30:44 UTC] PHP Deprecated:  Creation of dynamic property ACF::$revisions is deprecated in /var/www/html/wp-content/plugins/advanced-custom-fields-pro/includes/revisions.php on line 413
[20-Aug-2024 15:30:44 UTC] PHP Deprecated:  Creation of dynamic property acf_validation::$errors is deprecated in /var/www/html/wp-content/plugins/advanced-custom-fields-pro/includes/validation.php on line 26
[20-Aug-2024 15:30:44 UTC] PHP Deprecated:  Creation of dynamic property ACF::$validation is deprecated in /var/www/html/wp-content/plugins/advanced-custom-fields-pro/includes/validation.php on line 212
[20-Aug-2024 15:30:44 UTC] PHP Deprecated:  Creation of dynamic property acf_form_customizer::$preview_values is deprecated in /var/www/html/wp-content/plugins/advanced-custom-fields-pro/includes/forms/form-customizer.php on line 26
[20-Aug-2024 15:30:44 UTC] PHP Deprecated:  Creation of dynamic property acf_form_customizer::$preview_fields is deprecated in /var/www/html/wp-content/plugins/advanced-custom-fields-pro/includes/forms/form-customizer.php on line 27
[20-Aug-2024 15:30:44 UTC] PHP Deprecated:  Creation of dynamic property acf_form_customizer::$preview_errors is deprecated in /var/www/html/wp-content/plugins/advanced-custom-fields-pro/includes/forms/form-customizer.php on line 28
[20-Aug-2024 15:30:44 UTC] PHP Deprecated:  Creation of dynamic property ACF::$form_front is deprecated in /var/www/html/wp-content/plugins/advanced-custom-fields-pro/includes/forms/form-front.php on line 603
[20-Aug-2024 15:30:44 UTC] PHP Deprecated:  Creation of dynamic property acf_form_widget::$preview_values is deprecated in /var/www/html/wp-content/plugins/advanced-custom-fields-pro/includes/forms/form-widget.php on line 34
[20-Aug-2024 15:30:44 UTC] PHP Deprecated:  Creation of dynamic property acf_form_widget::$preview_reference is deprecated in /var/www/html/wp-content/plugins/advanced-custom-fields-pro/includes/forms/form-widget.php on line 35
[20-Aug-2024 15:30:44 UTC] PHP Deprecated:  Creation of dynamic property acf_form_widget::$preview_errors is deprecated in /var/www/html/wp-content/plugins/advanced-custom-fields-pro/includes/forms/form-widget.php on line 36
[20-Aug-2024 15:30:46 UTC] PHP Deprecated:  Creation of dynamic property ftp::$features is deprecated in /var/www/html/wp-admin/includes/class-ftp.php on line 151
[20-Aug-2024 15:30:47 UTC] PHP Deprecated:  Creation of dynamic property acf_field_oembed::$width is deprecated in /var/www/html/wp-content/plugins/advanced-custom-fields-pro/includes/fields/class-acf-field-oembed.php on line 31
[20-Aug-2024 15:30:47 UTC] PHP Deprecated:  Creation of dynamic property acf_field_oembed::$height is deprecated in /var/www/html/wp-content/plugins/advanced-custom-fields-pro/includes/fields/class-acf-field-oembed.php on line 32
[20-Aug-2024 15:30:47 UTC] PHP Deprecated:  Creation of dynamic property acf_field_google_map::$default_values is deprecated in /var/www/html/wp-content/plugins/advanced-custom-fields-pro/includes/fields/class-acf-field-google-map.php on line 33
[20-Aug-2024 15:30:47 UTC] PHP Deprecated:  Creation of dynamic property acf_field__group::$have_rows is deprecated in /var/www/html/wp-content/plugins/advanced-custom-fields-pro/includes/fields/class-acf-field-group.php on line 31
[20-Aug-2024 15:30:47 UTC] PHP Deprecated:  Creation of dynamic property acf_field_clone::$cloning is deprecated in /var/www/html/wp-content/plugins/advanced-custom-fields-pro/pro/fields/class-acf-field-clone.php on line 34
[20-Aug-2024 15:30:47 UTC] PHP Deprecated:  Creation of dynamic property acf_field_clone::$have_rows is deprecated in /var/www/html/wp-content/plugins/advanced-custom-fields-pro/pro/fields/class-acf-field-clone.php on line 35
[20-Aug-2024 15:30:50 UTC] PHP Deprecated:  Creation of dynamic property ACF::$fields is deprecated in /var/www/html/wp-content/plugins/advanced-custom-fields-pro/includes/fields.php on line 136
[20-Aug-2024 15:30:50 UTC] PHP Deprecated:  Creation of dynamic property ACF::$locations is deprecated in /var/www/html/wp-content/plugins/advanced-custom-fields-pro/includes/locations.php on line 130
[20-Aug-2024 15:30:50 UTC] PHP Deprecated:  Creation of dynamic property ACF::$json is deprecated in /var/www/html/wp-content/plugins/advanced-custom-fields-pro/includes/json.php on line 184
[20-Aug-2024 15:30:50 UTC] PHP Deprecated:  Creation of dynamic property acf_loop::$loops is deprecated in /var/www/html/wp-content/plugins/advanced-custom-fields-pro/includes/loop.php on line 26
[20-Aug-2024 15:30:50 UTC] PHP Deprecated:  Creation of dynamic property ACF::$loop is deprecated in /var/www/html/wp-content/plugins/advanced-custom-fields-pro/includes/loop.php on line 270
[20-Aug-2024 15:30:50 UTC] PHP Deprecated:  Creation of dynamic property ACF::$revisions is deprecated in /var/www/html/wp-content/plugins/advanced-custom-fields-pro/includes/revisions.php on line 413
[20-Aug-2024 15:30:50 UTC] PHP Deprecated:  Creation of dynamic property acf_validation::$errors is deprecated in /var/www/html/wp-content/plugins/advanced-custom-fields-pro/includes/validation.php on line 26
[20-Aug-2024 15:30:50 UTC] PHP Deprecated:  Creation of dynamic property ACF::$validation is deprecated in /var/www/html/wp-content/plugins/advanced-custom-fields-pro/includes/validation.php on line 212
[20-Aug-2024 15:30:50 UTC] PHP Deprecated:  Creation of dynamic property acf_form_customizer::$preview_values is deprecated in /var/www/html/wp-content/plugins/advanced-custom-fields-pro/includes/forms/form-customizer.php on line 26
[20-Aug-2024 15:30:50 UTC] PHP Deprecated:  Creation of dynamic property acf_form_customizer::$preview_fields is deprecated in /var/www/html/wp-content/plugins/advanced-custom-fields-pro/includes/forms/form-customizer.php on line 27
[20-Aug-2024 15:30:50 UTC] PHP Deprecated:  Creation of dynamic property acf_form_customizer::$preview_errors is deprecated in /var/www/html/wp-content/plugins/advanced-custom-fields-pro/includes/forms/form-customizer.php on line 28
[20-Aug-2024 15:30:50 UTC] PHP Deprecated:  Creation of dynamic property ACF::$form_front is deprecated in /var/www/html/wp-content/plugins/advanced-custom-fields-pro/includes/forms/form-front.php on line 603
[20-Aug-2024 15:30:50 UTC] PHP Deprecated:  Creation of dynamic property acf_form_widget::$preview_values is deprecated in /var/www/html/wp-content/plugins/advanced-custom-fields-pro/includes/forms/form-widget.php on line 34
[20-Aug-2024 15:30:50 UTC] PHP Deprecated:  Creation of dynamic property acf_form_widget::$preview_reference is deprecated in /var/www/html/wp-content/plugins/advanced-custom-fields-pro/includes/forms/form-widget.php on line 35
[20-Aug-2024 15:30:50 UTC] PHP Deprecated:  Creation of dynamic property acf_form_widget::$preview_errors is deprecated in /var/www/html/wp-content/plugins/advanced-custom-fields-pro/includes/forms/form-widget.php on line 36
[20-Aug-2024 15:30:51 UTC] PHP Deprecated:  Creation of dynamic property ftp::$features is deprecated in /var/www/html/wp-admin/includes/class-ftp.php on line 151
[20-Aug-2024 15:30:52 UTC] PHP Deprecated:  Creation of dynamic property acf_field_oembed::$width is deprecated in /var/www/html/wp-content/plugins/advanced-custom-fields-pro/includes/fields/class-acf-field-oembed.php on line 31
[20-Aug-2024 15:30:52 UTC] PHP Deprecated:  Creation of dynamic property acf_field_oembed::$height is deprecated in /var/www/html/wp-content/plugins/advanced-custom-fields-pro/includes/fields/class-acf-field-oembed.php on line 32
[20-Aug-2024 15:30:52 UTC] PHP Deprecated:  Creation of dynamic property acf_field_google_map::$default_values is deprecated in /var/www/html/wp-content/plugins/advanced-custom-fields-pro/includes/fields/class-acf-field-google-map.php on line 33
[20-Aug-2024 15:30:52 UTC] PHP Deprecated:  Creation of dynamic property acf_field__group::$have_rows is deprecated in /var/www/html/wp-content/plugins/advanced-custom-fields-pro/includes/fields/class-acf-field-group.php on line 31
[20-Aug-2024 15:30:52 UTC] PHP Deprecated:  Creation of dynamic property acf_field_clone::$cloning is deprecated in /var/www/html/wp-content/plugins/advanced-custom-fields-pro/pro/fields/class-acf-field-clone.php on line 34
[20-Aug-2024 15:30:52 UTC] PHP Deprecated:  Creation of dynamic property acf_field_clone::$have_rows is deprecated in /var/www/html/wp-content/plugins/advanced-custom-fields-pro/pro/fields/class-acf-field-clone.php on line 35
